{"/home/gustavo/Aulas/TDD/teste/src/presentation/controllers/SumController.ts": {"path":"/home/gustavo/Aulas/TDD/teste/src/presentation/controllers/SumController.ts","all":false,"statementMap":{"0":{"start":{"line":1,"column":0},"end":{"line":1,"column":53}},"1":{"start":{"line":2,"column":0},"end":{"line":2,"column":55}},"2":{"start":{"line":3,"column":0},"end":{"line":3,"column":0}},"3":{"start":{"line":4,"column":0},"end":{"line":4,"column":28}},"4":{"start":{"line":5,"column":0},"end":{"line":5,"column":0}},"5":{"start":{"line":6,"column":0},"end":{"line":6,"column":53}},"6":{"start":{"line":7,"column":0},"end":{"line":7,"column":0}},"7":{"start":{"line":8,"column":0},"end":{"line":8,"column":67}},"8":{"start":{"line":9,"column":0},"end":{"line":9,"column":52}},"9":{"start":{"line":10,"column":0},"end":{"line":10,"column":85}},"10":{"start":{"line":11,"column":0},"end":{"line":11,"column":85}},"11":{"start":{"line":12,"column":0},"end":{"line":12,"column":69}},"12":{"start":{"line":13,"column":0},"end":{"line":13,"column":43}},"13":{"start":{"line":14,"column":0},"end":{"line":14,"column":5}},"14":{"start":{"line":15,"column":0},"end":{"line":15,"column":0}},"15":{"start":{"line":16,"column":0},"end":{"line":16,"column":1}}},"s":{"0":1,"1":1,"2":1,"3":1,"4":1,"5":1,"6":1,"7":1,"8":3,"9":3,"10":3,"11":1,"12":1,"13":1,"14":1,"15":1},"branchMap":{"0":{"type":"branch","line":6,"loc":{"start":{"line":6,"column":4},"end":{"line":6,"column":53}},"locations":[{"start":{"line":6,"column":4},"end":{"line":6,"column":53}}]},"1":{"type":"branch","line":8,"loc":{"start":{"line":8,"column":10},"end":{"line":14,"column":5}},"locations":[{"start":{"line":8,"column":10},"end":{"line":14,"column":5}}]},"2":{"type":"branch","line":10,"loc":{"start":{"line":10,"column":21},"end":{"line":10,"column":85}},"locations":[{"start":{"line":10,"column":21},"end":{"line":10,"column":85}}]},"3":{"type":"branch","line":11,"loc":{"start":{"line":11,"column":-1},"end":{"line":11,"column":28}},"locations":[{"start":{"line":11,"column":-1},"end":{"line":11,"column":28}}]},"4":{"type":"branch","line":11,"loc":{"start":{"line":11,"column":21},"end":{"line":14,"column":5}},"locations":[{"start":{"line":11,"column":21},"end":{"line":14,"column":5}}]}},"b":{"0":[3],"1":[3],"2":[1],"3":[2],"4":[1]},"fnMap":{"0":{"name":"SumController","decl":{"start":{"line":6,"column":4},"end":{"line":6,"column":53}},"loc":{"start":{"line":6,"column":4},"end":{"line":6,"column":53}},"line":6},"1":{"name":"handle","decl":{"start":{"line":8,"column":10},"end":{"line":14,"column":5}},"loc":{"start":{"line":8,"column":10},"end":{"line":14,"column":5}},"line":8}},"f":{"0":3,"1":3}}
,"/home/gustavo/Aulas/TDD/teste/src/presentation/controllers/SumUseCase.ts": {"path":"/home/gustavo/Aulas/TDD/teste/src/presentation/controllers/SumUseCase.ts","all":false,"statementMap":{"0":{"start":{"line":1,"column":0},"end":{"line":1,"column":25}},"1":{"start":{"line":2,"column":0},"end":{"line":2,"column":68}},"2":{"start":{"line":3,"column":0},"end":{"line":3,"column":31}},"3":{"start":{"line":4,"column":0},"end":{"line":4,"column":5}},"4":{"start":{"line":5,"column":0},"end":{"line":5,"column":1}}},"s":{"0":1,"1":1,"2":1,"3":1,"4":1},"branchMap":{"0":{"type":"branch","line":2,"loc":{"start":{"line":2,"column":10},"end":{"line":4,"column":5}},"locations":[{"start":{"line":2,"column":10},"end":{"line":4,"column":5}}]}},"b":{"0":[1]},"fnMap":{"0":{"name":"execute","decl":{"start":{"line":2,"column":10},"end":{"line":4,"column":5}},"loc":{"start":{"line":2,"column":10},"end":{"line":4,"column":5}},"line":2}},"f":{"0":1}}
,"/home/gustavo/Aulas/TDD/teste/src/presentation/helpers/HttpResponse.ts": {"path":"/home/gustavo/Aulas/TDD/teste/src/presentation/helpers/HttpResponse.ts","all":false,"statementMap":{"0":{"start":{"line":1,"column":0},"end":{"line":1,"column":27}},"1":{"start":{"line":2,"column":0},"end":{"line":2,"column":24}},"2":{"start":{"line":3,"column":0},"end":{"line":3,"column":15}},"3":{"start":{"line":4,"column":0},"end":{"line":4,"column":0}},"4":{"start":{"line":5,"column":0},"end":{"line":5,"column":49}},"5":{"start":{"line":6,"column":0},"end":{"line":6,"column":37}},"6":{"start":{"line":7,"column":0},"end":{"line":7,"column":25}},"7":{"start":{"line":8,"column":0},"end":{"line":8,"column":5}},"8":{"start":{"line":9,"column":0},"end":{"line":9,"column":0}},"9":{"start":{"line":10,"column":0},"end":{"line":10,"column":45}},"10":{"start":{"line":11,"column":0},"end":{"line":11,"column":43}},"11":{"start":{"line":12,"column":0},"end":{"line":12,"column":5}},"12":{"start":{"line":13,"column":0},"end":{"line":13,"column":0}},"13":{"start":{"line":14,"column":0},"end":{"line":14,"column":53}},"14":{"start":{"line":15,"column":0},"end":{"line":15,"column":43}},"15":{"start":{"line":16,"column":0},"end":{"line":16,"column":5}},"16":{"start":{"line":17,"column":0},"end":{"line":17,"column":1}}},"s":{"0":1,"1":1,"2":1,"3":1,"4":1,"5":3,"6":3,"7":3,"8":1,"9":1,"10":1,"11":1,"12":1,"13":1,"14":2,"15":2,"16":1},"branchMap":{"0":{"type":"branch","line":5,"loc":{"start":{"line":5,"column":4},"end":{"line":8,"column":5}},"locations":[{"start":{"line":5,"column":4},"end":{"line":8,"column":5}}]},"1":{"type":"branch","line":10,"loc":{"start":{"line":10,"column":11},"end":{"line":12,"column":5}},"locations":[{"start":{"line":10,"column":11},"end":{"line":12,"column":5}}]},"2":{"type":"branch","line":14,"loc":{"start":{"line":14,"column":11},"end":{"line":16,"column":5}},"locations":[{"start":{"line":14,"column":11},"end":{"line":16,"column":5}}]}},"b":{"0":[3],"1":[1],"2":[2]},"fnMap":{"0":{"name":"HttpResponse","decl":{"start":{"line":5,"column":4},"end":{"line":8,"column":5}},"loc":{"start":{"line":5,"column":4},"end":{"line":8,"column":5}},"line":5},"1":{"name":"ok","decl":{"start":{"line":10,"column":11},"end":{"line":12,"column":5}},"loc":{"start":{"line":10,"column":11},"end":{"line":12,"column":5}},"line":10},"2":{"name":"badRequest","decl":{"start":{"line":14,"column":11},"end":{"line":16,"column":5}},"loc":{"start":{"line":14,"column":11},"end":{"line":16,"column":5}},"line":14}},"f":{"0":3,"1":1,"2":2}}
}
