TN:
SF:src/presentation/controllers/SumController.ts
FN:6,SumController
FN:8,handle
FNF:2
FNH:2
FNDA:3,SumController
FNDA:3,handle
DA:1,1
DA:2,1
DA:3,1
DA:4,1
DA:5,1
DA:6,1
DA:7,1
DA:8,1
DA:9,3
DA:10,3
DA:11,3
DA:12,1
DA:13,1
DA:14,1
DA:15,1
DA:16,1
LF:16
LH:16
BRDA:6,0,0,3
BRDA:8,1,0,3
BRDA:10,2,0,1
BRDA:11,3,0,2
BRDA:11,4,0,1
BRF:5
BRH:5
end_of_record
TN:
SF:src/presentation/controllers/SumUseCase.ts
FN:2,execute
FNF:1
FNH:1
FNDA:1,execute
DA:1,1
DA:2,1
DA:3,1
DA:4,1
DA:5,1
LF:5
LH:5
BRDA:2,0,0,1
BRF:1
BRH:1
end_of_record
TN:
SF:src/presentation/helpers/HttpResponse.ts
FN:5,HttpResponse
FN:10,ok
FN:14,badRequest
FNF:3
FNH:3
FNDA:3,HttpResponse
FNDA:1,ok
FNDA:2,badRequest
DA:1,1
DA:2,1
DA:3,1
DA:4,1
DA:5,1
DA:6,3
DA:7,3
DA:8,3
DA:9,1
DA:10,1
DA:11,1
DA:12,1
DA:13,1
DA:14,1
DA:15,2
DA:16,2
DA:17,1
LF:17
LH:17
BRDA:5,0,0,3
BRDA:10,1,0,1
BRDA:14,2,0,2
BRF:3
BRH:3
end_of_record
